Invest/app/build/intermediates/manifest_merge_blame_file/debug/manifest-merger-blame-debug-report.txt
1<?xml version="1.0" encoding="utf-8"?>
2<manifest xmlns:android="http://schemas.android.com/apk/res/android"
3    package="com.storm.InvestLA"
4    android:versionCode="1"
5    android:versionName="1.0" >
6
7    <uses-sdk
8        android:minSdkVersion="23"
8-->src/main/AndroidManifest.xml
9        android:targetSdkVersion="28" />
9-->src/main/AndroidManifest.xml
10
11    <uses-permission android:name="android.permission.INTERNET" />
11-->src/main/AndroidManifest.xml:5:5-66
11-->src/main/AndroidManifest.xml:5:22-64
12
13    <uses-feature android:name="com.softbank.hardware.pepper" />
13-->src/main/AndroidManifest.xml:32:5-64
13-->src/main/AndroidManifest.xml:32:19-62
14
15    <uses-permission android:name="com.aldebaran.permission.ROBOT" />
15-->[com.aldebaran:qisdk:1.4.8] AndroidManifest.xml:10:5-70
15-->[com.aldebaran:qisdk:1.4.8] AndroidManifest.xml:10:22-67
16
17    <application
17-->src/main/AndroidManifest.xml:7:5-30:19
18        android:allowBackup="true"
18-->src/main/AndroidManifest.xml:8:9-35
19        android:appComponentFactory="android.support.v4.app.CoreComponentFactory"
19-->[com.android.support:support-compat:28.0.0] AndroidManifest.xml:22:18-91
20        android:debuggable="true"
21        android:icon="@mipmap/ic_launcher"
21-->src/main/AndroidManifest.xml:9:9-43
22        android:label="@string/app_name"
22-->src/main/AndroidManifest.xml:10:9-41
23        android:roundIcon="@mipmap/ic_launcher_round"
23-->src/main/AndroidManifest.xml:11:9-54
24        android:supportsRtl="true"
24-->src/main/AndroidManifest.xml:12:9-35
25        android:testOnly="true" >
26        <activity
26-->src/main/AndroidManifest.xml:13:9-20:20
27            android:name="com.storm.pepper.MainActivity"
27-->src/main/AndroidManifest.xml:13:19-63
28            android:theme="@style/AppTheme.NoActionBar" >
28-->src/main/AndroidManifest.xml:14:13-56
29            <intent-filter>
29-->src/main/AndroidManifest.xml:15:13-19:29
30                <action android:name="android.intent.action.MAIN" />
30-->src/main/AndroidManifest.xml:16:17-69
30-->src/main/AndroidManifest.xml:16:25-66
31
32                <category android:name="android.intent.category.LAUNCHER" />
32-->src/main/AndroidManifest.xml:18:17-77
32-->src/main/AndroidManifest.xml:18:27-74
33            </intent-filter>
34        </activity>
35
36        <receiver android:name="com.storm.pepper.BatteryLevelReceiver" >
36-->src/main/AndroidManifest.xml:22:9-29:20
36-->src/main/AndroidManifest.xml:22:19-71
37            <intent-filter>
37-->src/main/AndroidManifest.xml:23:13-28:29
38                <action android:name="android.intent.action.ACTION_POWER_CONNECTED" />
38-->src/main/AndroidManifest.xml:24:17-86
38-->src/main/AndroidManifest.xml:24:25-84
39                <action android:name="android.intent.action.ACTION_POWER_DISCONNECTED" />
39-->src/main/AndroidManifest.xml:25:17-89
39-->src/main/AndroidManifest.xml:25:25-87
40                <action android:name="android.intent.action.BATTERY_LOW" />
40-->src/main/AndroidManifest.xml:26:17-75
40-->src/main/AndroidManifest.xml:26:25-73
41                <action android:name="android.intent.action.BATTERY_OKAY" />
41-->src/main/AndroidManifest.xml:27:17-76
41-->src/main/AndroidManifest.xml:27:25-74
42            </intent-filter>
43        </receiver>
44
45        <meta-data
45-->[com.aldebaran:qisdk:1.4.8] AndroidManifest.xml:16:9-18:53
46            android:name="qisdk_version"
46-->[com.aldebaran:qisdk:1.4.8] AndroidManifest.xml:17:13-41
47            android:value="@string/qisdk_version" />
47-->[com.aldebaran:qisdk:1.4.8] AndroidManifest.xml:18:13-50
48    </application>
49
50</manifest>